<!DOCTYPE html PUBLIC "-//W3C//DTD XHTML 1.1//EN" "http://www.w3.org/TR/xhtml11/DTD/xhtml11.dtd">
<html xmlns="http://www.w3.org/1999/xhtml">
<head>
<meta http-equiv="content-type" content="text/html; charset=UTF-8"/>
<title>TestNG Report</title>
<style type="text/css">table {margin-bottom:10px;border-collapse:collapse;empty-cells:show}th,td {border:1px solid #009;padding:.25em .5em}th {vertical-align:bottom}td {vertical-align:top}table a {font-weight:bold}.stripe td {background-color: #E6EBF9}.num {text-align:right}.passedodd td {background-color: #3F3}.passedeven td {background-color: #0A0}.skippedodd td {background-color: #DDD}.skippedeven td {background-color: #CCC}.failedodd td,.attn {background-color: #F33}.failedeven td,.stripe .attn {background-color: #D00}.stacktrace {white-space:pre;font-family:monospace}.totop {font-size:85%;text-align:center;border-bottom:2px solid #000}.invisible {display:none}</style>
</head>
<body>
<table>
<tr><th>Test</th><th># Passed</th><th># Skipped</th><th># Failed</th><th>Time (ms)</th><th>Included Groups</th><th>Excluded Groups</th></tr>
<tr><th colspan="7">Testes advantageonlineshopping</th></tr>
<tr><td><a href="#t0">Test</a></td><td class="num">5</td><td class="num">0</td><td class="num attn">1</td><td class="num">77,704</td><td></td><td></td></tr>
</table>
<table id='summary'><thead><tr><th>Class</th><th>Method</th><th>Start</th><th>Time (ms)</th></tr></thead><tbody><tr><th colspan="4">Testes advantageonlineshopping</th></tr></tbody><tbody id="t0"><tr><th colspan="4">Test &#8212; failed (configuration methods)</th></tr><tr class="failedeven"><td rowspan="1">br.com.rsinet.hub_tdd_mobile.tests.BuscaHomeTest</td><td><a href="#m0">finalizaClasse</a></td><td rowspan="1">1581106756178</td><td rowspan="1">0</td></tr><tr class="failedodd"><td rowspan="1">br.com.rsinet.hub_tdd_mobile.tests.BuscaLupaTest</td><td><a href="#m1">finalizaClasse</a></td><td rowspan="1">1581106770630</td><td rowspan="1">0</td></tr><tr class="failedeven"><td rowspan="1">br.com.rsinet.hub_tdd_mobile.tests.CadastroTest</td><td><a href="#m2">finalizaClasse</a></td><td rowspan="1">1581106731410</td><td rowspan="1">0</td></tr><tr><th colspan="4">Test &#8212; failed</th></tr><tr class="failedeven"><td rowspan="1">br.com.rsinet.hub_tdd_mobile.tests.CadastroTest</td><td><a href="#m3">deveCadastrarUsuario</a></td><td rowspan="1">1581106693236</td><td rowspan="1">25013</td></tr><tr><th colspan="4">Test &#8212; passed</th></tr><tr class="passedeven"><td rowspan="2">br.com.rsinet.hub_tdd_mobile.tests.BuscaHomeTest</td><td><a href="#m4">deveEncontrarProduto</a></td><td rowspan="1">1581106731418</td><td rowspan="1">6447</td></tr><tr class="passedeven"><td><a href="#m5">deveInformarProdutoNaoEncontrado</a></td><td rowspan="1">1581106741262</td><td rowspan="1">11566</td></tr><tr class="passedodd"><td rowspan="2">br.com.rsinet.hub_tdd_mobile.tests.BuscaLupaTest</td><td><a href="#m6">deveBuscarProdutoPelaLupa</a></td><td rowspan="1">1581106756185</td><td rowspan="1">4119</td></tr><tr class="passedodd"><td><a href="#m7">deveInformarSemResultados</a></td><td rowspan="1">1581106763441</td><td rowspan="1">4050</td></tr><tr class="passedeven"><td rowspan="1">br.com.rsinet.hub_tdd_mobile.tests.CadastroTest</td><td><a href="#m8">deveNegarCadastro</a></td><td rowspan="1">1581106721389</td><td rowspan="1">6765</td></tr></tbody>
</table>
<h2>Test</h2><h3 id="m0">br.com.rsinet.hub_tdd_mobile.tests.BuscaHomeTest#finalizaClasse</h3><table class="result"><tr><th>Exception</th></tr><tr><td><div class="stacktrace">org.testng.TestNGException: 
Can inject only one of &lt;ITestContext, XmlTest&gt; into a @AfterClass annotated finalizaClasse.
For more information on native dependency injection please refer to http://testng.org/doc/documentation-main.html#native-dependency-injection
... Removed 23 stack frames</div></td></tr></table><p class="totop"><a href="#summary">back to summary</a></p>
<h3 id="m1">br.com.rsinet.hub_tdd_mobile.tests.BuscaLupaTest#finalizaClasse</h3><table class="result"><tr><th>Exception</th></tr><tr><td><div class="stacktrace">org.testng.TestNGException: 
Can inject only one of &lt;ITestContext, XmlTest&gt; into a @AfterClass annotated finalizaClasse.
For more information on native dependency injection please refer to http://testng.org/doc/documentation-main.html#native-dependency-injection
... Removed 23 stack frames</div></td></tr></table><p class="totop"><a href="#summary">back to summary</a></p>
<h3 id="m2">br.com.rsinet.hub_tdd_mobile.tests.CadastroTest#finalizaClasse</h3><table class="result"><tr><th>Exception</th></tr><tr><td><div class="stacktrace">org.testng.TestNGException: 
Can inject only one of &lt;ITestContext, XmlTest&gt; into a @AfterClass annotated finalizaClasse.
For more information on native dependency injection please refer to http://testng.org/doc/documentation-main.html#native-dependency-injection
... Removed 23 stack frames</div></td></tr></table><p class="totop"><a href="#summary">back to summary</a></p>
<h3 id="m3">br.com.rsinet.hub_tdd_mobile.tests.CadastroTest#deveCadastrarUsuario</h3><table class="result"><tr><th>Exception</th></tr><tr><td><div class="stacktrace">org.openqa.selenium.NoSuchElementException: An element could not be located on the page using the given search parameters.
For documentation on this error, please visit: https://www.seleniumhq.org/exceptions/no_such_element.html
Build info: version: &apos;3.141.59&apos;, revision: &apos;e82be7d358&apos;, time: &apos;2018-11-14T08:17:03&apos;
System info: host: &apos;RSI1562&apos;, ip: &apos;10.1.0.98&apos;, os.name: &apos;Windows 10&apos;, os.arch: &apos;amd64&apos;, os.version: &apos;10.0&apos;, java.version: &apos;1.8.0_231&apos;
Driver info: io.appium.java_client.android.AndroidDriver
Capabilities {app: C:\Users\willian.costa\ecli..., appActivity: com.Advantage.aShopping.Spl..., appPackage: com.Advantage.aShopping, automationName: uiautomator2, databaseEnabled: false, desired: {app: C:\Users\willian.costa\ecli..., appActivity: com.Advantage.aShopping.Spl..., appPackage: com.Advantage.aShopping, automationName: uiautomator2, deviceName: Meu Aparelho, newCommandTimeout: 60, platformName: android, resetKeyboard: true, unicodeKeyboard: true}, deviceApiLevel: 25, deviceManufacturer: Google, deviceModel: Android SDK built for x86, deviceName: emulator-5554, deviceScreenDensity: 240, deviceScreenSize: 480x800, deviceUDID: emulator-5554, javascriptEnabled: true, locationContextEnabled: false, networkConnectionEnabled: true, newCommandTimeout: 60, pixelRatio: 1.5, platform: LINUX, platformName: Android, platformVersion: 7.1.1, resetKeyboard: true, statBarHeight: 36, takesScreenshot: true, unicodeKeyboard: true, viewportRect: {height: 764, left: 0, top: 36, width: 480}, warnings: {}, webStorageEnabled: false}
Session ID: 204b684a-4ab0-4ce8-a26f-029f5541bf32
*** Element info: {Using=id, value=com.Advantage.aShopping:id/linearLayoutCountry}
	at org.openqa.selenium.remote.http.W3CHttpResponseCodec.createException(W3CHttpResponseCodec.java:187)
	at org.openqa.selenium.remote.http.W3CHttpResponseCodec.decode(W3CHttpResponseCodec.java:122)
	at org.openqa.selenium.remote.http.W3CHttpResponseCodec.decode(W3CHttpResponseCodec.java:49)
	at org.openqa.selenium.remote.HttpCommandExecutor.execute(HttpCommandExecutor.java:158)
	at io.appium.java_client.remote.AppiumCommandExecutor.execute(AppiumCommandExecutor.java:239)
	at org.openqa.selenium.remote.RemoteWebDriver.execute(RemoteWebDriver.java:552)
	at io.appium.java_client.DefaultGenericMobileDriver.execute(DefaultGenericMobileDriver.java:41)
	at io.appium.java_client.AppiumDriver.execute(AppiumDriver.java:1)
	at io.appium.java_client.android.AndroidDriver.execute(AndroidDriver.java:1)
	at org.openqa.selenium.remote.RemoteWebDriver.findElement(RemoteWebDriver.java:323)
	at io.appium.java_client.DefaultGenericMobileDriver.findElement(DefaultGenericMobileDriver.java:61)
	at io.appium.java_client.AppiumDriver.findElement(AppiumDriver.java:1)
	at io.appium.java_client.android.AndroidDriver.findElement(AndroidDriver.java:1)
	at org.openqa.selenium.remote.RemoteWebDriver.findElementById(RemoteWebDriver.java:372)
	at io.appium.java_client.DefaultGenericMobileDriver.findElementById(DefaultGenericMobileDriver.java:69)
	at io.appium.java_client.AppiumDriver.findElementById(AppiumDriver.java:1)
	at io.appium.java_client.android.AndroidDriver.findElementById(AndroidDriver.java:1)
	at br.com.rsinet.hub_tdd_mobile.pages.CadastroPage.campoPais(CadastroPage.java:51)
	at br.com.rsinet.hub_tdd_mobile.tests.CadastroTest.deveCadastrarUsuario(CadastroTest.java:41)
... Removed 29 stack frames</div></td></tr></table><p class="totop"><a href="#summary">back to summary</a></p>
<h3 id="m4">br.com.rsinet.hub_tdd_mobile.tests.BuscaHomeTest#deveEncontrarProduto</h3><table class="result"><tr><th class="invisible"/></tr></table><p class="totop"><a href="#summary">back to summary</a></p>
<h3 id="m5">br.com.rsinet.hub_tdd_mobile.tests.BuscaHomeTest#deveInformarProdutoNaoEncontrado</h3><table class="result"><tr><th class="invisible"/></tr></table><p class="totop"><a href="#summary">back to summary</a></p>
<h3 id="m6">br.com.rsinet.hub_tdd_mobile.tests.BuscaLupaTest#deveBuscarProdutoPelaLupa</h3><table class="result"><tr><th class="invisible"/></tr></table><p class="totop"><a href="#summary">back to summary</a></p>
<h3 id="m7">br.com.rsinet.hub_tdd_mobile.tests.BuscaLupaTest#deveInformarSemResultados</h3><table class="result"><tr><th class="invisible"/></tr></table><p class="totop"><a href="#summary">back to summary</a></p>
<h3 id="m8">br.com.rsinet.hub_tdd_mobile.tests.CadastroTest#deveNegarCadastro</h3><table class="result"><tr><th class="invisible"/></tr></table><p class="totop"><a href="#summary">back to summary</a></p>
</body>
</html>
