<?xml version="1.0" encoding="UTF-8"?>
<testng-results skipped="0" failed="1" ignored="0" total="6" passed="5">
  <reporter-output>
  </reporter-output>
  <suite name="Testes advantageonlineshopping" duration-ms="77704" started-at="2020-02-07T20:18:12Z" finished-at="2020-02-07T20:19:30Z">
    <groups>
    </groups>
    <test name="Test" duration-ms="77704" started-at="2020-02-07T20:18:12Z" finished-at="2020-02-07T20:19:30Z">
      <class name="br.com.rsinet.hub_tdd_mobile.tests.BuscaHomeTest">
        <test-method status="PASS" signature="setup()[pri:0, instance:br.com.rsinet.hub_tdd_mobile.tests.BuscaHomeTest@5f77d0f9]" name="setup" is-config="true" duration-ms="2" started-at="2020-02-07T20:18:51Z" finished-at="2020-02-07T20:18:51Z">
          <reporter-output>
          </reporter-output>
        </test-method> <!-- setup -->
        <test-method status="PASS" signature="deveEncontrarProduto()[pri:0, instance:br.com.rsinet.hub_tdd_mobile.tests.BuscaHomeTest@5f77d0f9]" name="deveEncontrarProduto" duration-ms="6447" started-at="2020-02-07T20:18:51Z" finished-at="2020-02-07T20:18:57Z">
          <reporter-output>
          </reporter-output>
        </test-method> <!-- deveEncontrarProduto -->
        <test-method status="PASS" signature="tearDown()[pri:0, instance:br.com.rsinet.hub_tdd_mobile.tests.BuscaHomeTest@5f77d0f9]" name="tearDown" is-config="true" duration-ms="3392" started-at="2020-02-07T20:18:57Z" finished-at="2020-02-07T20:19:01Z">
          <reporter-output>
          </reporter-output>
        </test-method> <!-- tearDown -->
        <test-method status="PASS" signature="setup()[pri:0, instance:br.com.rsinet.hub_tdd_mobile.tests.BuscaHomeTest@5f77d0f9]" name="setup" is-config="true" duration-ms="2" started-at="2020-02-07T20:19:01Z" finished-at="2020-02-07T20:19:01Z">
          <reporter-output>
          </reporter-output>
        </test-method> <!-- setup -->
        <test-method status="PASS" signature="deveInformarProdutoNaoEncontrado()[pri:0, instance:br.com.rsinet.hub_tdd_mobile.tests.BuscaHomeTest@5f77d0f9]" name="deveInformarProdutoNaoEncontrado" duration-ms="11566" started-at="2020-02-07T20:19:01Z" finished-at="2020-02-07T20:19:12Z">
          <reporter-output>
          </reporter-output>
        </test-method> <!-- deveInformarProdutoNaoEncontrado -->
        <test-method status="PASS" signature="tearDown()[pri:0, instance:br.com.rsinet.hub_tdd_mobile.tests.BuscaHomeTest@5f77d0f9]" name="tearDown" is-config="true" duration-ms="3348" started-at="2020-02-07T20:19:12Z" finished-at="2020-02-07T20:19:16Z">
          <reporter-output>
          </reporter-output>
        </test-method> <!-- tearDown -->
        <test-method status="FAIL" signature="finalizaClasse(org.testng.ITestResult)[pri:0, instance:br.com.rsinet.hub_tdd_mobile.tests.BuscaHomeTest@5f77d0f9]" name="finalizaClasse" is-config="true" duration-ms="0" started-at="2020-02-07T20:19:16Z" finished-at="2020-02-07T20:19:16Z">
          <exception class="org.testng.TestNGException">
            <message>
              <![CDATA[
Can inject only one of <ITestContext, XmlTest> into a @AfterClass annotated finalizaClasse.
For more information on native dependency injection please refer to http://testng.org/doc/documentation-main.html#native-dependency-injection]]>
            </message>
            <full-stacktrace>
              <![CDATA[org.testng.TestNGException: 
Can inject only one of <ITestContext, XmlTest> into a @AfterClass annotated finalizaClasse.
For more information on native dependency injection please refer to http://testng.org/doc/documentation-main.html#native-dependency-injection
at org.testng.internal.Parameters.checkParameterTypes(Parameters.java:407)
at org.testng.internal.Parameters.createParametersForMethod(Parameters.java:356)
at org.testng.internal.Parameters.createParameters(Parameters.java:635)
at org.testng.internal.Parameters.createConfigurationParameters(Parameters.java:190)
at org.testng.internal.Invoker.invokeConfigurations(Invoker.java:209)
at org.testng.internal.Invoker.invokeConfigurations(Invoker.java:142)
at org.testng.internal.TestMethodWorker.invokeAfterClassMethods(TestMethodWorker.java:214)
at org.testng.internal.TestMethodWorker.run(TestMethodWorker.java:111)
at org.testng.TestRunner.privateRun(TestRunner.java:648)
at org.testng.TestRunner.run(TestRunner.java:505)
at org.testng.SuiteRunner.runTest(SuiteRunner.java:455)
at org.testng.SuiteRunner.runSequentially(SuiteRunner.java:450)
at org.testng.SuiteRunner.privateRun(SuiteRunner.java:415)
at org.testng.SuiteRunner.run(SuiteRunner.java:364)
at org.testng.SuiteRunnerWorker.runSuite(SuiteRunnerWorker.java:52)
at org.testng.SuiteRunnerWorker.run(SuiteRunnerWorker.java:84)
at org.testng.TestNG.runSuitesSequentially(TestNG.java:1208)
at org.testng.TestNG.runSuitesLocally(TestNG.java:1137)
at org.testng.TestNG.runSuites(TestNG.java:1049)
at org.testng.TestNG.run(TestNG.java:1017)
at org.testng.remote.AbstractRemoteTestNG.run(AbstractRemoteTestNG.java:115)
at org.testng.remote.RemoteTestNG.initAndRun(RemoteTestNG.java:251)
at org.testng.remote.RemoteTestNG.main(RemoteTestNG.java:77)
]]>
            </full-stacktrace>
          </exception> <!-- org.testng.TestNGException -->
          <reporter-output>
          </reporter-output>
        </test-method> <!-- finalizaClasse -->
      </class> <!-- br.com.rsinet.hub_tdd_mobile.tests.BuscaHomeTest -->
      <class name="br.com.rsinet.hub_tdd_mobile.tests.CadastroTest">
        <test-method status="PASS" signature="setup()[pri:0, instance:br.com.rsinet.hub_tdd_mobile.tests.CadastroTest@1130520d]" name="setup" is-config="true" duration-ms="252" started-at="2020-02-07T20:18:12Z" finished-at="2020-02-07T20:18:13Z">
          <reporter-output>
          </reporter-output>
        </test-method> <!-- setup -->
        <test-method status="FAIL" signature="deveCadastrarUsuario()[pri:0, instance:br.com.rsinet.hub_tdd_mobile.tests.CadastroTest@1130520d]" name="deveCadastrarUsuario" duration-ms="25013" started-at="2020-02-07T20:18:13Z" finished-at="2020-02-07T20:18:38Z">
          <exception class="org.openqa.selenium.NoSuchElementException">
            <message>
              <![CDATA[An element could not be located on the page using the given search parameters.
For documentation on this error, please visit: https://www.seleniumhq.org/exceptions/no_such_element.html
Build info: version: '3.141.59', revision: 'e82be7d358', time: '2018-11-14T08:17:03'
System info: host: 'RSI1562', ip: '10.1.0.98', os.name: 'Windows 10', os.arch: 'amd64', os.version: '10.0', java.version: '1.8.0_231'
Driver info: io.appium.java_client.android.AndroidDriver
Capabilities {app: C:\Users\willian.costa\ecli..., appActivity: com.Advantage.aShopping.Spl..., appPackage: com.Advantage.aShopping, automationName: uiautomator2, databaseEnabled: false, desired: {app: C:\Users\willian.costa\ecli..., appActivity: com.Advantage.aShopping.Spl..., appPackage: com.Advantage.aShopping, automationName: uiautomator2, deviceName: Meu Aparelho, newCommandTimeout: 60, platformName: android, resetKeyboard: true, unicodeKeyboard: true}, deviceApiLevel: 25, deviceManufacturer: Google, deviceModel: Android SDK built for x86, deviceName: emulator-5554, deviceScreenDensity: 240, deviceScreenSize: 480x800, deviceUDID: emulator-5554, javascriptEnabled: true, locationContextEnabled: false, networkConnectionEnabled: true, newCommandTimeout: 60, pixelRatio: 1.5, platform: LINUX, platformName: Android, platformVersion: 7.1.1, resetKeyboard: true, statBarHeight: 36, takesScreenshot: true, unicodeKeyboard: true, viewportRect: {height: 764, left: 0, top: 36, width: 480}, warnings: {}, webStorageEnabled: false}
Session ID: 204b684a-4ab0-4ce8-a26f-029f5541bf32
*** Element info: {Using=id, value=com.Advantage.aShopping:id/linearLayoutCountry}]]>
            </message>
            <full-stacktrace>
              <![CDATA[org.openqa.selenium.NoSuchElementException: An element could not be located on the page using the given search parameters.
For documentation on this error, please visit: https://www.seleniumhq.org/exceptions/no_such_element.html
Build info: version: '3.141.59', revision: 'e82be7d358', time: '2018-11-14T08:17:03'
System info: host: 'RSI1562', ip: '10.1.0.98', os.name: 'Windows 10', os.arch: 'amd64', os.version: '10.0', java.version: '1.8.0_231'
Driver info: io.appium.java_client.android.AndroidDriver
Capabilities {app: C:\Users\willian.costa\ecli..., appActivity: com.Advantage.aShopping.Spl..., appPackage: com.Advantage.aShopping, automationName: uiautomator2, databaseEnabled: false, desired: {app: C:\Users\willian.costa\ecli..., appActivity: com.Advantage.aShopping.Spl..., appPackage: com.Advantage.aShopping, automationName: uiautomator2, deviceName: Meu Aparelho, newCommandTimeout: 60, platformName: android, resetKeyboard: true, unicodeKeyboard: true}, deviceApiLevel: 25, deviceManufacturer: Google, deviceModel: Android SDK built for x86, deviceName: emulator-5554, deviceScreenDensity: 240, deviceScreenSize: 480x800, deviceUDID: emulator-5554, javascriptEnabled: true, locationContextEnabled: false, networkConnectionEnabled: true, newCommandTimeout: 60, pixelRatio: 1.5, platform: LINUX, platformName: Android, platformVersion: 7.1.1, resetKeyboard: true, statBarHeight: 36, takesScreenshot: true, unicodeKeyboard: true, viewportRect: {height: 764, left: 0, top: 36, width: 480}, warnings: {}, webStorageEnabled: false}
Session ID: 204b684a-4ab0-4ce8-a26f-029f5541bf32
*** Element info: {Using=id, value=com.Advantage.aShopping:id/linearLayoutCountry}
at sun.reflect.NativeConstructorAccessorImpl.newInstance0(Native Method)
at sun.reflect.NativeConstructorAccessorImpl.newInstance(Unknown Source)
at sun.reflect.DelegatingConstructorAccessorImpl.newInstance(Unknown Source)
at java.lang.reflect.Constructor.newInstance(Unknown Source)
at org.openqa.selenium.remote.http.W3CHttpResponseCodec.createException(W3CHttpResponseCodec.java:187)
at org.openqa.selenium.remote.http.W3CHttpResponseCodec.decode(W3CHttpResponseCodec.java:122)
at org.openqa.selenium.remote.http.W3CHttpResponseCodec.decode(W3CHttpResponseCodec.java:49)
at org.openqa.selenium.remote.HttpCommandExecutor.execute(HttpCommandExecutor.java:158)
at io.appium.java_client.remote.AppiumCommandExecutor.execute(AppiumCommandExecutor.java:239)
at org.openqa.selenium.remote.RemoteWebDriver.execute(RemoteWebDriver.java:552)
at io.appium.java_client.DefaultGenericMobileDriver.execute(DefaultGenericMobileDriver.java:41)
at io.appium.java_client.AppiumDriver.execute(AppiumDriver.java:1)
at io.appium.java_client.android.AndroidDriver.execute(AndroidDriver.java:1)
at org.openqa.selenium.remote.RemoteWebDriver.findElement(RemoteWebDriver.java:323)
at io.appium.java_client.DefaultGenericMobileDriver.findElement(DefaultGenericMobileDriver.java:61)
at io.appium.java_client.AppiumDriver.findElement(AppiumDriver.java:1)
at io.appium.java_client.android.AndroidDriver.findElement(AndroidDriver.java:1)
at org.openqa.selenium.remote.RemoteWebDriver.findElementById(RemoteWebDriver.java:372)
at io.appium.java_client.DefaultGenericMobileDriver.findElementById(DefaultGenericMobileDriver.java:69)
at io.appium.java_client.AppiumDriver.findElementById(AppiumDriver.java:1)
at io.appium.java_client.android.AndroidDriver.findElementById(AndroidDriver.java:1)
at br.com.rsinet.hub_tdd_mobile.pages.CadastroPage.campoPais(CadastroPage.java:51)
at br.com.rsinet.hub_tdd_mobile.tests.CadastroTest.deveCadastrarUsuario(CadastroTest.java:41)
at sun.reflect.NativeMethodAccessorImpl.invoke0(Native Method)
at sun.reflect.NativeMethodAccessorImpl.invoke(Unknown Source)
at sun.reflect.DelegatingMethodAccessorImpl.invoke(Unknown Source)
at java.lang.reflect.Method.invoke(Unknown Source)
at org.testng.internal.MethodInvocationHelper.invokeMethod(MethodInvocationHelper.java:124)
at org.testng.internal.Invoker.invokeMethod(Invoker.java:583)
at org.testng.internal.Invoker.invokeTestMethod(Invoker.java:719)
at org.testng.internal.Invoker.invokeTestMethods(Invoker.java:989)
at org.testng.internal.TestMethodWorker.invokeTestMethods(TestMethodWorker.java:125)
at org.testng.internal.TestMethodWorker.run(TestMethodWorker.java:109)
at org.testng.TestRunner.privateRun(TestRunner.java:648)
at org.testng.TestRunner.run(TestRunner.java:505)
at org.testng.SuiteRunner.runTest(SuiteRunner.java:455)
at org.testng.SuiteRunner.runSequentially(SuiteRunner.java:450)
at org.testng.SuiteRunner.privateRun(SuiteRunner.java:415)
at org.testng.SuiteRunner.run(SuiteRunner.java:364)
at org.testng.SuiteRunnerWorker.runSuite(SuiteRunnerWorker.java:52)
at org.testng.SuiteRunnerWorker.run(SuiteRunnerWorker.java:84)
at org.testng.TestNG.runSuitesSequentially(TestNG.java:1208)
at org.testng.TestNG.runSuitesLocally(TestNG.java:1137)
at org.testng.TestNG.runSuites(TestNG.java:1049)
at org.testng.TestNG.run(TestNG.java:1017)
at org.testng.remote.AbstractRemoteTestNG.run(AbstractRemoteTestNG.java:115)
at org.testng.remote.RemoteTestNG.initAndRun(RemoteTestNG.java:251)
at org.testng.remote.RemoteTestNG.main(RemoteTestNG.java:77)
]]>
            </full-stacktrace>
          </exception> <!-- org.openqa.selenium.NoSuchElementException -->
          <reporter-output>
          </reporter-output>
        </test-method> <!-- deveCadastrarUsuario -->
        <test-method status="PASS" signature="tearDown()[pri:0, instance:br.com.rsinet.hub_tdd_mobile.tests.CadastroTest@1130520d]" name="tearDown" is-config="true" duration-ms="3126" started-at="2020-02-07T20:18:38Z" finished-at="2020-02-07T20:18:41Z">
          <reporter-output>
          </reporter-output>
        </test-method> <!-- tearDown -->
        <test-method status="PASS" signature="setup()[pri:0, instance:br.com.rsinet.hub_tdd_mobile.tests.CadastroTest@1130520d]" name="setup" is-config="true" duration-ms="3" started-at="2020-02-07T20:18:41Z" finished-at="2020-02-07T20:18:41Z">
          <reporter-output>
          </reporter-output>
        </test-method> <!-- setup -->
        <test-method status="PASS" signature="deveNegarCadastro()[pri:0, instance:br.com.rsinet.hub_tdd_mobile.tests.CadastroTest@1130520d]" name="deveNegarCadastro" duration-ms="6765" started-at="2020-02-07T20:18:41Z" finished-at="2020-02-07T20:18:48Z">
          <reporter-output>
          </reporter-output>
        </test-method> <!-- deveNegarCadastro -->
        <test-method status="PASS" signature="tearDown()[pri:0, instance:br.com.rsinet.hub_tdd_mobile.tests.CadastroTest@1130520d]" name="tearDown" is-config="true" duration-ms="3253" started-at="2020-02-07T20:18:48Z" finished-at="2020-02-07T20:18:51Z">
          <reporter-output>
          </reporter-output>
        </test-method> <!-- tearDown -->
        <test-method status="FAIL" signature="finalizaClasse(org.testng.ITestResult)[pri:0, instance:br.com.rsinet.hub_tdd_mobile.tests.CadastroTest@1130520d]" name="finalizaClasse" is-config="true" duration-ms="0" started-at="2020-02-07T20:18:51Z" finished-at="2020-02-07T20:18:51Z">
          <exception class="org.testng.TestNGException">
            <message>
              <![CDATA[
Can inject only one of <ITestContext, XmlTest> into a @AfterClass annotated finalizaClasse.
For more information on native dependency injection please refer to http://testng.org/doc/documentation-main.html#native-dependency-injection]]>
            </message>
            <full-stacktrace>
              <![CDATA[org.testng.TestNGException: 
Can inject only one of <ITestContext, XmlTest> into a @AfterClass annotated finalizaClasse.
For more information on native dependency injection please refer to http://testng.org/doc/documentation-main.html#native-dependency-injection
at org.testng.internal.Parameters.checkParameterTypes(Parameters.java:407)
at org.testng.internal.Parameters.createParametersForMethod(Parameters.java:356)
at org.testng.internal.Parameters.createParameters(Parameters.java:635)
at org.testng.internal.Parameters.createConfigurationParameters(Parameters.java:190)
at org.testng.internal.Invoker.invokeConfigurations(Invoker.java:209)
at org.testng.internal.Invoker.invokeConfigurations(Invoker.java:142)
at org.testng.internal.TestMethodWorker.invokeAfterClassMethods(TestMethodWorker.java:214)
at org.testng.internal.TestMethodWorker.run(TestMethodWorker.java:111)
at org.testng.TestRunner.privateRun(TestRunner.java:648)
at org.testng.TestRunner.run(TestRunner.java:505)
at org.testng.SuiteRunner.runTest(SuiteRunner.java:455)
at org.testng.SuiteRunner.runSequentially(SuiteRunner.java:450)
at org.testng.SuiteRunner.privateRun(SuiteRunner.java:415)
at org.testng.SuiteRunner.run(SuiteRunner.java:364)
at org.testng.SuiteRunnerWorker.runSuite(SuiteRunnerWorker.java:52)
at org.testng.SuiteRunnerWorker.run(SuiteRunnerWorker.java:84)
at org.testng.TestNG.runSuitesSequentially(TestNG.java:1208)
at org.testng.TestNG.runSuitesLocally(TestNG.java:1137)
at org.testng.TestNG.runSuites(TestNG.java:1049)
at org.testng.TestNG.run(TestNG.java:1017)
at org.testng.remote.AbstractRemoteTestNG.run(AbstractRemoteTestNG.java:115)
at org.testng.remote.RemoteTestNG.initAndRun(RemoteTestNG.java:251)
at org.testng.remote.RemoteTestNG.main(RemoteTestNG.java:77)
]]>
            </full-stacktrace>
          </exception> <!-- org.testng.TestNGException -->
          <reporter-output>
          </reporter-output>
        </test-method> <!-- finalizaClasse -->
      </class> <!-- br.com.rsinet.hub_tdd_mobile.tests.CadastroTest -->
      <class name="br.com.rsinet.hub_tdd_mobile.tests.BuscaLupaTest">
        <test-method status="PASS" signature="setup()[pri:0, instance:br.com.rsinet.hub_tdd_mobile.tests.BuscaLupaTest@463fd068]" name="setup" is-config="true" duration-ms="3" started-at="2020-02-07T20:19:16Z" finished-at="2020-02-07T20:19:16Z">
          <reporter-output>
          </reporter-output>
        </test-method> <!-- setup -->
        <test-method status="PASS" signature="deveBuscarProdutoPelaLupa()[pri:0, instance:br.com.rsinet.hub_tdd_mobile.tests.BuscaLupaTest@463fd068]" name="deveBuscarProdutoPelaLupa" duration-ms="4119" started-at="2020-02-07T20:19:16Z" finished-at="2020-02-07T20:19:20Z">
          <reporter-output>
          </reporter-output>
        </test-method> <!-- deveBuscarProdutoPelaLupa -->
        <test-method status="PASS" signature="tearDown()[pri:0, instance:br.com.rsinet.hub_tdd_mobile.tests.BuscaLupaTest@463fd068]" name="tearDown" is-config="true" duration-ms="3132" started-at="2020-02-07T20:19:20Z" finished-at="2020-02-07T20:19:23Z">
          <reporter-output>
          </reporter-output>
        </test-method> <!-- tearDown -->
        <test-method status="PASS" signature="setup()[pri:0, instance:br.com.rsinet.hub_tdd_mobile.tests.BuscaLupaTest@463fd068]" name="setup" is-config="true" duration-ms="1" started-at="2020-02-07T20:19:23Z" finished-at="2020-02-07T20:19:23Z">
          <reporter-output>
          </reporter-output>
        </test-method> <!-- setup -->
        <test-method status="PASS" signature="deveInformarSemResultados()[pri:0, instance:br.com.rsinet.hub_tdd_mobile.tests.BuscaLupaTest@463fd068]" name="deveInformarSemResultados" duration-ms="4050" started-at="2020-02-07T20:19:23Z" finished-at="2020-02-07T20:19:27Z">
          <reporter-output>
          </reporter-output>
        </test-method> <!-- deveInformarSemResultados -->
        <test-method status="PASS" signature="tearDown()[pri:0, instance:br.com.rsinet.hub_tdd_mobile.tests.BuscaLupaTest@463fd068]" name="tearDown" is-config="true" duration-ms="3137" started-at="2020-02-07T20:19:27Z" finished-at="2020-02-07T20:19:30Z">
          <reporter-output>
          </reporter-output>
        </test-method> <!-- tearDown -->
        <test-method status="FAIL" signature="finalizaClasse(org.testng.ITestResult)[pri:0, instance:br.com.rsinet.hub_tdd_mobile.tests.BuscaLupaTest@463fd068]" name="finalizaClasse" is-config="true" duration-ms="0" started-at="2020-02-07T20:19:30Z" finished-at="2020-02-07T20:19:30Z">
          <exception class="org.testng.TestNGException">
            <message>
              <![CDATA[
Can inject only one of <ITestContext, XmlTest> into a @AfterClass annotated finalizaClasse.
For more information on native dependency injection please refer to http://testng.org/doc/documentation-main.html#native-dependency-injection]]>
            </message>
            <full-stacktrace>
              <![CDATA[org.testng.TestNGException: 
Can inject only one of <ITestContext, XmlTest> into a @AfterClass annotated finalizaClasse.
For more information on native dependency injection please refer to http://testng.org/doc/documentation-main.html#native-dependency-injection
at org.testng.internal.Parameters.checkParameterTypes(Parameters.java:407)
at org.testng.internal.Parameters.createParametersForMethod(Parameters.java:356)
at org.testng.internal.Parameters.createParameters(Parameters.java:635)
at org.testng.internal.Parameters.createConfigurationParameters(Parameters.java:190)
at org.testng.internal.Invoker.invokeConfigurations(Invoker.java:209)
at org.testng.internal.Invoker.invokeConfigurations(Invoker.java:142)
at org.testng.internal.TestMethodWorker.invokeAfterClassMethods(TestMethodWorker.java:214)
at org.testng.internal.TestMethodWorker.run(TestMethodWorker.java:111)
at org.testng.TestRunner.privateRun(TestRunner.java:648)
at org.testng.TestRunner.run(TestRunner.java:505)
at org.testng.SuiteRunner.runTest(SuiteRunner.java:455)
at org.testng.SuiteRunner.runSequentially(SuiteRunner.java:450)
at org.testng.SuiteRunner.privateRun(SuiteRunner.java:415)
at org.testng.SuiteRunner.run(SuiteRunner.java:364)
at org.testng.SuiteRunnerWorker.runSuite(SuiteRunnerWorker.java:52)
at org.testng.SuiteRunnerWorker.run(SuiteRunnerWorker.java:84)
at org.testng.TestNG.runSuitesSequentially(TestNG.java:1208)
at org.testng.TestNG.runSuitesLocally(TestNG.java:1137)
at org.testng.TestNG.runSuites(TestNG.java:1049)
at org.testng.TestNG.run(TestNG.java:1017)
at org.testng.remote.AbstractRemoteTestNG.run(AbstractRemoteTestNG.java:115)
at org.testng.remote.RemoteTestNG.initAndRun(RemoteTestNG.java:251)
at org.testng.remote.RemoteTestNG.main(RemoteTestNG.java:77)
]]>
            </full-stacktrace>
          </exception> <!-- org.testng.TestNGException -->
          <reporter-output>
          </reporter-output>
        </test-method> <!-- finalizaClasse -->
      </class> <!-- br.com.rsinet.hub_tdd_mobile.tests.BuscaLupaTest -->
    </test> <!-- Test -->
  </suite> <!-- Testes advantageonlineshopping -->
</testng-results>
